[debug] [2023-10-21T21:37:11.697Z] ----------------------------------------------------------------------
[debug] [2023-10-21T21:37:11.701Z] Command:       C:\Program Files\nodejs\node.exe C:\Program Files\nodejs\node_modules\firebase-tools\lib\bin\firebase.js init
[debug] [2023-10-21T21:37:11.702Z] CLI Version:   12.7.0
[debug] [2023-10-21T21:37:11.702Z] Platform:      win32
[debug] [2023-10-21T21:37:11.702Z] Node Version:  v20.6.1
[debug] [2023-10-21T21:37:11.702Z] Time:          Sat Oct 21 2023 17:37:11 GMT-0400 (Eastern Daylight Time)
[debug] [2023-10-21T21:37:11.702Z] ----------------------------------------------------------------------
[debug] 
[debug] [2023-10-21T21:37:11.711Z] > command requires scopes: ["email","openid","https://www.googleapis.com/auth/cloudplatformprojects.readonly","https://www.googleapis.com/auth/firebase","https://www.googleapis.com/auth/cloud-platform"]
[debug] [2023-10-21T21:37:11.711Z] > authorizing via signed-in user (desheapettiford@gmail.com)
[info] 
     ######## #### ########  ######## ########     ###     ######  ########
     ##        ##  ##     ## ##       ##     ##  ##   ##  ##       ##
     ######    ##  ########  ######   ########  #########  ######  ######
     ##        ##  ##    ##  ##       ##     ## ##     ##       ## ##
     ##       #### ##     ## ######## ########  ##     ##  ######  ########

You're about to initialize a Firebase project in this directory:

  C:\Users\deshe\React\Chunkydunks\chunkydunks

[info] 
=== Project Setup
[info] 
[info] First, let's associate this project directory with a Firebase project.
[info] You can create multiple project aliases by running firebase use --add, 
[info] but for now we'll just set up a default project.
[info] 
[debug] [2023-10-21T21:37:37.041Z] >>> [apiv2][query] GET https://firebase.googleapis.com/v1beta1/projects pageSize=100
[debug] [2023-10-21T21:37:37.748Z] <<< [apiv2][status] GET https://firebase.googleapis.com/v1beta1/projects 200
[debug] [2023-10-21T21:37:37.749Z] <<< [apiv2][body] GET https://firebase.googleapis.com/v1beta1/projects [omitted]
[info] i  Using project chunkydunks (chunkydunks) 
[info] 
=== Hosting Setup
[info] 
[info] Your public directory is the folder (relative to your project directory) that
[info] will contain Hosting assets to be uploaded with firebase deploy. If you
[info] have a build process for your assets, use your build's output directory.
[info] 
[info] +  Wrote public/404.html 
[debug] [2023-10-21T21:38:46.441Z] >>> [apiv2][query] GET https://www.gstatic.com/firebasejs/releases.json [none]
[debug] [2023-10-21T21:38:46.769Z] <<< [apiv2][status] GET https://www.gstatic.com/firebasejs/releases.json 200
[debug] [2023-10-21T21:38:46.770Z] <<< [apiv2][body] GET https://www.gstatic.com/firebasejs/releases.json {"current":{"version":"10.5.0","browserURL":"https://www.gstatic.com/firebasejs/10.5.0/firebase.js","packageURL":"https://www.gstatic.com/firebasejs/10.5.0/firebase.tgz"},"live":{"version":"10.5","browserURL":"https://www.gstatic.com/firebasejs/live/10.5/firebase.js","packageURL":"https://www.gstatic.com/firebasejs/live/10.5/firebase.tgz"},"components":{"analytics":"https://www.gstatic.com/firebasejs/10.5.0/firebase-analytics.js","app":"https://www.gstatic.com/firebasejs/10.5.0/firebase-app.js","app-check":"https://www.gstatic.com/firebasejs/10.5.0/firebase-app-check.js","auth":"https://www.gstatic.com/firebasejs/10.5.0/firebase-auth.js","auth/cordova":"https://www.gstatic.com/firebasejs/10.5.0/firebase-auth/cordova.js","functions":"https://www.gstatic.com/firebasejs/10.5.0/firebase-functions.js","firestore":"https://www.gstatic.com/firebasejs/10.5.0/firebase-firestore.js","firestore/lite":"https://www.gstatic.com/firebasejs/10.5.0/firebase-firestore/lite.js","installations":"https://www.gstatic.com/firebasejs/10.5.0/firebase-installations.js","storage":"https://www.gstatic.com/firebasejs/10.5.0/firebase-storage.js","performance":"https://www.gstatic.com/firebasejs/10.5.0/firebase-performance.js","remote-config":"https://www.gstatic.com/firebasejs/10.5.0/firebase-remote-config.js","messaging":"https://www.gstatic.com/firebasejs/10.5.0/firebase-messaging.js","messaging/sw":"https://www.gstatic.com/firebasejs/10.5.0/firebase-messaging/sw.js","database":"https://www.gstatic.com/firebasejs/10.5.0/firebase-database.js","firestore.memory":"https://www.gstatic.com/firebasejs/10.5.0/firebase-firestore.memory.js"}}
[info] i  Skipping write of public/index.html 
[info] 
[info] i  Detected a .git folder at C:\Users\deshe 
[info] i  Authorizing with GitHub to upload your service account to a GitHub repository's secrets store. 
[info] 
[info] Visit this URL on this device to log in:
[info] https://github.com/login/oauth/authorize?client_id=89cf50f02ac6aaed3484&state=1064858331&redirect_uri=http%3A%2F%2Flocalhost%3A9005&scope=read%3Auser%20repo%20public_repo
[info] 
[info] Waiting for authentication...
[debug] [2023-10-21T21:39:32.288Z] >>> [apiv2][query] POST https://github.com/login/oauth/access_token [none]
[debug] [2023-10-21T21:39:32.288Z] >>> [apiv2][body] POST https://github.com/login/oauth/access_token [stream]
[debug] [2023-10-21T21:39:32.981Z] <<< [apiv2][status] POST https://github.com/login/oauth/access_token 200
[debug] [2023-10-21T21:39:32.981Z] <<< [apiv2][body] POST https://github.com/login/oauth/access_token {"access_token":"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","token_type":"bearer","scope":"read:user,repo"}
[debug] [2023-10-21T21:39:33.013Z] >>> [apiv2][query] GET https://api.github.com/user [none]
[debug] [2023-10-21T21:39:33.520Z] <<< [apiv2][status] GET https://api.github.com/user 200
[debug] [2023-10-21T21:39:33.520Z] <<< [apiv2][body] GET https://api.github.com/user {"login":"desheapettiford","id":86036723,"node_id":"MDQ6VXNlcjg2MDM2NzIz","avatar_url":"https://avatars.githubusercontent.com/u/86036723?v=4","gravatar_id":"","url":"https://api.github.com/users/desheapettiford","html_url":"https://github.com/desheapettiford","followers_url":"https://api.github.com/users/desheapettiford/followers","following_url":"https://api.github.com/users/desheapettiford/following{/other_user}","gists_url":"https://api.github.com/users/desheapettiford/gists{/gist_id}","starred_url":"https://api.github.com/users/desheapettiford/starred{/owner}{/repo}","subscriptions_url":"https://api.github.com/users/desheapettiford/subscriptions","organizations_url":"https://api.github.com/users/desheapettiford/orgs","repos_url":"https://api.github.com/users/desheapettiford/repos","events_url":"https://api.github.com/users/desheapettiford/events{/privacy}","received_events_url":"https://api.github.com/users/desheapettiford/received_events","type":"User","site_admin":false,"name":"Deshea Pettiford","company":"University of Findlay ","blog":"","location":"Ohio","email":"desheapettiford@gmail.com","hireable":null,"bio":"Graduate of University of Findlay ","twitter_username":null,"public_repos":3,"public_gists":0,"followers":0,"following":1,"created_at":"2021-06-17T04:16:38Z","updated_at":"2023-10-10T15:37:34Z","private_gists":0,"total_private_repos":12,"owned_private_repos":12,"disk_usage":92749,"collaborators":0,"two_factor_authentication":false,"plan":{"name":"free","space":976562499,"collaborators":0,"private_repos":10000}}
[info] 
[info] +  Success! Logged into GitHub as desheapettiford 
[info] 
